
ROM used:   90/8192 (1%)
            90/8192 (1%) including unused fragments

            0.1 Average locations per line
            4.1 Average locations per statement

RAM used:   6/368 (2%) at main() level
            9/368 (2%) worst case

Stack used: 0 worst case (0 in main + 0 for interrupts)
Stack size: 8

Lines Stmts  %   Files
----- ----- ---  -----
   69    22 100  led_button2.c
  629     0   0  ..\..\..\..\..\Program Files (x86)\PICC\Devices\16F877.h
----- -----
  698    22 Total

Page ROM  %  RAM   Vol Diff  Functions:
---- --- --- ---   --- ----  ----------
0     21  23    1             @delay_ms1
0     65  72    1   608  5.8  main
 Inline         0             @cinit1

Program metrics:
    Functions               1
    Statements              22
    Comments                119
    Volume (V)              613
    Difficulty (D)          5.5
    Effort to implement (E) 3385
    Time to implement (T)   3 minutes
    Est Delivered Bugs (B)  0
    Cyclomatic Complexity   4
    Maintainability (MI)    40

 Segment     Used  Free
-----------  ----  ----
00000-00003     4  0  
00004-007FF    86  1958  
00800-00FFF     0  2048  
01000-017FF     0  2048  
01800-01FFF     0  2048  



